  LZ.cpp
d:\165\proj3\ics165project3\project_3\project_3\lz.cpp(42): warning C4244: '=': conversion from 'double' to 'int', possible loss of data
d:\165\proj3\ics165project3\project_3\project_3\lz.cpp(43): warning C4244: '=': conversion from 'double' to 'int', possible loss of data
d:\165\proj3\ics165project3\project_3\project_3\lz.cpp(57): warning C4244: 'argument': conversion from 'std::streamsize' to 'unsigned int', possible loss of data
d:\165\proj3\ics165project3\project_3\project_3\lz.cpp(60): warning C4018: '>': signed/unsigned mismatch
d:\165\proj3\ics165project3\project_3\project_3\lz.cpp(83): warning C4018: '<': signed/unsigned mismatch
d:\165\proj3\ics165project3\project_3\project_3\lz.cpp(122): warning C4018: '<': signed/unsigned mismatch
d:\165\proj3\ics165project3\project_3\project_3\lz.cpp(209): warning C4018: '<': signed/unsigned mismatch
d:\applications\creative\vs2015\vc\include\xutility(2266): warning C4800: 'char': forcing value to bool 'true' or 'false' (performance warning)
  d:\applications\creative\vs2015\vc\include\xutility(2285): note: see reference to function template instantiation '_OutIt std::_Copy_unchecked1<_InIt,_OutIt>(_InIt,_InIt,_OutIt,std::_General_ptr_iterator_tag)' being compiled
          with
          [
              _OutIt=std::_Vb_iterator<std::_Wrap_alloc<std::allocator<std::_Vbase>>>,
              _InIt=char *
          ]
  d:\applications\creative\vs2015\vc\include\xutility(2304): note: see reference to function template instantiation '_OutIt std::_Copy_unchecked<_InIt,_Iter>(_InIt,_InIt,_OutIt)' being compiled
          with
          [
              _OutIt=std::_Vb_iterator<std::_Wrap_alloc<std::allocator<std::_Vbase>>>,
              _InIt=char *,
              _Iter=std::_Vb_iterator<std::_Wrap_alloc<std::allocator<std::_Vbase>>>
          ]
  d:\applications\creative\vs2015\vc\include\xutility(2314): note: see reference to function template instantiation '_OutIt std::_Copy_no_deprecate1<char*,_OutIt>(_InIt,_InIt,_OutIt,std::random_access_iterator_tag,std::random_access_iterator_tag)' being compiled
          with
          [
              _OutIt=std::_Vb_iterator<std::_Wrap_alloc<std::allocator<std::_Vbase>>>,
              _InIt=char *
          ]
  d:\applications\creative\vs2015\vc\include\xutility(2323): note: see reference to function template instantiation '_OutIt std::_Copy_no_deprecate<_InIt,_OutIt>(_InIt,_InIt,_OutIt)' being compiled
          with
          [
              _OutIt=std::_Vb_iterator<std::_Wrap_alloc<std::allocator<std::_Vbase>>>,
              _InIt=std::_String_iterator<std::_String_val<std::_Simple_types<char>>>
          ]
  d:\applications\creative\vs2015\vc\include\vector(2852): note: see reference to function template instantiation '_OutIt std::copy<_Iter,std::_Vb_iterator<std::_Wrap_alloc<std::allocator<_Other>>>>(_InIt,_InIt,_OutIt)' being compiled
          with
          [
              _OutIt=std::_Vb_iterator<std::_Wrap_alloc<std::allocator<std::_Vbase>>>,
              _Iter=std::_String_iterator<std::_String_val<std::_Simple_types<char>>>,
              _Other=std::_Vbase,
              _InIt=std::_String_iterator<std::_String_val<std::_Simple_types<char>>>
          ]
  d:\applications\creative\vs2015\vc\include\vector(2827): note: see reference to function template instantiation 'void std::vector<bool,std::allocator<_Ty>>::_Insert<_Iter>(std::_Vb_const_iterator<std::_Wrap_alloc<std::allocator<_Other>>>,_Iter,_Iter,std::forward_iterator_tag)' being compiled
          with
          [
              _Ty=bool,
              _Iter=std::_String_iterator<std::_String_val<std::_Simple_types<char>>>,
              _Other=std::_Vbase
          ]
  d:\applications\creative\vs2015\vc\include\vector(2827): note: see reference to function template instantiation 'void std::vector<bool,std::allocator<_Ty>>::_Insert<_Iter>(std::_Vb_const_iterator<std::_Wrap_alloc<std::allocator<_Other>>>,_Iter,_Iter,std::forward_iterator_tag)' being compiled
          with
          [
              _Ty=bool,
              _Iter=std::_String_iterator<std::_String_val<std::_Simple_types<char>>>,
              _Other=std::_Vbase
          ]
  d:\applications\creative\vs2015\vc\include\vector(2528): note: see reference to function template instantiation 'std::_Vb_iterator<std::_Wrap_alloc<std::allocator<_Other>>> std::vector<bool,std::allocator<_Ty>>::insert<_Iter>(std::_Vb_const_iterator<std::_Wrap_alloc<std::allocator<_Other>>>,_Iter,_Iter)' being compiled
          with
          [
              _Other=std::_Vbase,
              _Ty=bool,
              _Iter=std::_String_iterator<std::_String_val<std::_Simple_types<char>>>
          ]
  d:\applications\creative\vs2015\vc\include\vector(2528): note: see reference to function template instantiation 'std::_Vb_iterator<std::_Wrap_alloc<std::allocator<_Other>>> std::vector<bool,std::allocator<_Ty>>::insert<_Iter>(std::_Vb_const_iterator<std::_Wrap_alloc<std::allocator<_Other>>>,_Iter,_Iter)' being compiled
          with
          [
              _Other=std::_Vbase,
              _Ty=bool,
              _Iter=std::_String_iterator<std::_String_val<std::_Simple_types<char>>>
          ]
  d:\applications\creative\vs2015\vc\include\vector(2522): note: see reference to function template instantiation 'void std::vector<bool,std::allocator<_Ty>>::_BConstruct<_Iter>(_Iter,_Iter)' being compiled
          with
          [
              _Ty=bool,
              _Iter=std::_String_iterator<std::_String_val<std::_Simple_types<char>>>
          ]
  d:\applications\creative\vs2015\vc\include\vector(2522): note: see reference to function template instantiation 'void std::vector<bool,std::allocator<_Ty>>::_BConstruct<_Iter>(_Iter,_Iter)' being compiled
          with
          [
              _Ty=bool,
              _Iter=std::_String_iterator<std::_String_val<std::_Simple_types<char>>>
          ]
  d:\165\proj3\ics165project3\project_3\project_3\lz.cpp(24): note: see reference to function template instantiation 'std::vector<bool,std::allocator<_Ty>>::vector<std::_String_iterator<std::_String_val<std::_Simple_types<char>>>,void>(_Iter,_Iter,const _Alloc &)' being compiled
          with
          [
              _Ty=bool,
              _Iter=std::_String_iterator<std::_String_val<std::_Simple_types<char>>>,
              _Alloc=std::allocator<bool>
          ]
  d:\165\proj3\ics165project3\project_3\project_3\lz.cpp(24): note: see reference to function template instantiation 'std::vector<bool,std::allocator<_Ty>>::vector<std::_String_iterator<std::_String_val<std::_Simple_types<char>>>,void>(_Iter,_Iter,const _Alloc &)' being compiled
          with
          [
              _Ty=bool,
              _Iter=std::_String_iterator<std::_String_val<std::_Simple_types<char>>>,
              _Alloc=std::allocator<bool>
          ]
  Project_3.vcxproj -> D:\165\Proj3\ics165project3\Project_3\Debug\Project_3.exe
